<?xml version="1.0" encoding="utf-8"?><testsuites name="pytest tests"><testsuite name="pytest" errors="0" failures="0" skipped="0" tests="13" time="4.787" timestamp="2026-08-15T19:03:12.648557+00:00" hostname="agent-env-58bca6a4-a652-4c28-bf08-1c53727ea87d"><testcase classname="tests.test_iteration2_features" name="test_error_envelope_unauthenticated" time="0.280" /><testcase classname="tests.test_iteration2_features" name="test_admin_bootstrap_capabilities" time="0.331" /><testcase classname="tests.test_iteration2_features" name="test_normal_user_no_org_no_admin" time="0.130" /><testcase classname="tests.test_iteration2_features" name="test_self_promotion_blocked" time="0.151" /><testcase classname="tests.test_iteration2_features" name="test_owner_login_shows_capabilities" time="0.517" /><testcase classname="tests.test_iteration2_features" name="test_org_isolation_non_member_403" time="0.339" /><testcase classname="tests.test_iteration2_features" name="test_owner_can_read_own_org_not_other" time="0.149" /><testcase classname="tests.test_iteration2_features" name="test_booking_slot_conflict_409" time="0.456" /><testcase classname="tests.test_iteration2_features" name="test_game_full_and_idempotent_join" time="0.553" /><testcase classname="tests.test_iteration2_features" name="test_coach_booking_flow_and_conflict" time="0.377" /><testcase classname="tests.test_iteration2_features" name="test_training_plan_and_streak" time="0.325" /><testcase classname="tests.test_iteration2_features" name="test_rankings_and_achievements" time="0.233" /><testcase classname="tests.test_iteration2_features" name="test_referrals_end_to_end" time="0.614" /></testsuite></testsuites>