<?xml version="1.0" encoding="utf-8"?><testsuites name="pytest tests"><testsuite name="pytest" errors="0" failures="1" skipped="0" tests="58" time="17.167" timestamp="2026-08-31T13:14:57.010229+00:00" hostname="agent-env-63fa971b-b967-4d75-b87a-53b3c9443bec"><testcase classname="tests.test_iteration2_features" name="test_error_envelope_unauthenticated" time="0.290" /><testcase classname="tests.test_kuvira_backend" name="test_health" time="0.382" /><testcase classname="tests.test_iteration2_features" name="test_admin_bootstrap_capabilities" time="0.347" /><testcase classname="tests.test_kuvira_backend" name="test_otp_start" time="0.084" /><testcase classname="tests.test_kuvira_backend" name="test_otp_verify_invalid" time="0.091" /><testcase classname="tests.test_kuvira_backend" name="test_otp_verify_new_user" time="0.084" /><testcase classname="tests.test_iteration2_features" name="test_normal_user_no_org_no_admin" time="0.222" /><testcase classname="tests.test_kuvira_backend" name="test_me_endpoint" time="0.237" /><testcase classname="tests.test_iteration2_features" name="test_self_promotion_blocked" time="0.230" /><testcase classname="tests.test_kuvira_backend" name="test_me_unauthorized" time="0.134" /><testcase classname="tests.test_kuvira_backend" name="test_onboarding" time="0.249" /><testcase classname="tests.test_kuvira_backend" name="test_sports_list" time="0.091" /><testcase classname="tests.test_kuvira_backend" name="test_facilities_list" time="0.081" /><testcase classname="tests.test_kuvira_backend" name="test_facility_detail" time="0.202" /><testcase classname="tests.test_kuvira_backend" name="test_facility_availability" time="0.166" /><testcase classname="tests.test_kuvira_backend" name="test_create_booking_and_verify" time="0.278" /><testcase classname="tests.test_iteration2_features" name="test_owner_login_shows_capabilities" time="0.937" /><testcase classname="tests.test_iteration2_features" name="test_org_isolation_non_member_403" time="0.510" /><testcase classname="tests.test_kuvira_backend" name="test_games_list" time="0.103" /><testcase classname="tests.test_kuvira_backend" name="test_games_create_and_join" time="0.520" /><testcase classname="tests.test_iteration2_features" name="test_owner_can_read_own_org_not_other" time="0.396" /><testcase classname="tests.test_kuvira_backend" name="test_players_list_match_score" time="0.087" /><testcase classname="tests.test_kuvira_backend" name="test_player_detail" time="0.188" /><testcase classname="tests.test_iteration2_features" name="test_booking_slot_conflict_409" time="0.713" /><testcase classname="tests.test_kuvira_backend" name="test_coaches_list" time="0.082" /><testcase classname="tests.test_kuvira_backend" name="test_events_list" time="0.144" /><testcase classname="tests.test_kuvira_backend" name="test_tournaments_list_and_register" time="0.210" /><testcase classname="tests.test_kuvira_backend" name="test_posts_list" time="0.097" /><testcase classname="tests.test_kuvira_backend" name="test_create_post_and_like_toggle" time="0.299" /><testcase classname="tests.test_iteration2_features" name="test_game_full_and_idempotent_join" time="1.081" /><testcase classname="tests.test_kuvira_backend" name="test_products_list" time="0.092" /><testcase classname="tests.test_kuvira_backend" name="test_product_recommend_for_me" time="0.083" /><testcase classname="tests.test_kuvira_backend" name="test_cart_and_order_flow" time="0.590" /><testcase classname="tests.test_kuvira_backend" name="test_cart_remove" time="0.299" /><testcase classname="tests.test_iteration2_features" name="test_coach_booking_flow_and_conflict" time="2.054" /><testcase classname="tests.test_kuvira_backend" name="test_ai_coach_chat" time="9.826" /><testcase classname="tests.test_iteration2_features" name="test_training_plan_and_streak" time="0.536" /><testcase classname="tests.test_iteration2_features" name="test_rankings_and_achievements" time="0.328" /><testcase classname="tests.test_iteration2_features" name="test_referrals_end_to_end" time="0.981" /><testcase classname="tests.test_persistence_bug.TestConsumerRegression" name="test_facilities_list" time="0.075" /><testcase classname="tests.test_persistence_bug.TestConsumerRegression" name="test_booking_dedup_409" time="0.466" /><testcase classname="tests.test_persistence_bug.TestConsumerRegression" name="test_games_full_409" time="0.436" /><testcase classname="tests.test_persistence_bug.TestConsumerRegression" name="test_posts_and_like_toggle" time="0.253" /><testcase classname="tests.test_persistence_bug.TestConsumerRegression" name="test_cart_and_order" time="0.249" /><testcase classname="tests.test_persistence_bug.TestConsumerRegression" name="test_ai_coach_chat_reply" time="4.144"><failure message="AssertionError: {&quot;error&quot;:{&quot;code&quot;:&quot;HTTP_ERROR&quot;,&quot;message&quot;:&quot;AI Coach unavailable: Failed to generate chat completion: litellm.RateLimitError: RateLimitError: OpenAIException - Error &quot;},&quot;request_id&quot;:&quot;505fa2af-7f32-489b-8e66-c09f8bafb68c&quot;}&#10;assert 500 == 200&#10; +  where 500 = &lt;Response [500]&gt;.status_code">E   AssertionError: {"error":{"code":"HTTP_ERROR","message":"AI Coach unavailable: Failed to generate chat completion: litellm.RateLimitError: RateLimitError: OpenAIException - Error "},"request_id":"505fa2af-7f32-489b-8e66-c09f8bafb68c"}
    assert 500 == 200
     +  where 500 = &lt;Response [500]&gt;.status_code</failure></testcase><testcase classname="tests.test_persistence_bug.TestPersistenceAndNormalization" name="test_fresh_number_is_new_true_and_no_avatar" time="0.150" /><testcase classname="tests.test_persistence_bug.TestPersistenceAndNormalization" name="test_onboarding_persists_and_second_login_skips" time="0.330" /><testcase classname="tests.test_kuvira_backend" name="test_ai_coach_history" time="0.108" /><testcase classname="tests.test_persistence_bug.TestPersistenceAndNormalization" name="test_mobile_normalization_same_user" time="0.210" /><testcase classname="tests.test_kuvira_backend" name="test_ai_insights" time="0.128" /><testcase classname="tests.test_rbac_matrix" name="test_role_permission_matrix_is_explicit" time="0.000" /><testcase classname="tests.test_kuvira_backend" name="test_ai_recommendations" time="0.086" /><testcase classname="tests.test_rbac_matrix" name="test_manager_and_staff_cannot_escalate_privileges" time="0.000" /><testcase classname="tests.test_rbac_matrix" name="test_platform_admin_has_all_catalog_permissions" time="0.000" /><testcase classname="tests.test_persistence_bug.TestAiInsightsNoFabricatedStats" name="test_insights_returns_real_zero_stats_for_new_user" time="0.247" /><testcase classname="tests.test_kuvira_backend" name="test_search" time="0.140" /><testcase classname="tests.test_persistence_bug.TestRBAC" name="test_admin_can_create_club_and_owner_gets_workspace" time="0.679" /><testcase classname="tests.test_persistence_bug.TestRBAC" name="test_non_member_403_on_org_endpoints" time="0.259" /></testsuite></testsuites>