<?xml version="1.0" encoding="utf-8"?><testsuites name="pytest tests"><testsuite name="pytest" errors="3" failures="2" skipped="0" tests="46" time="17.584" timestamp="2026-08-26T19:58:06.170586+00:00" hostname="agent-env-63fa971b-b967-4d75-b87a-53b3c9443bec"><testcase classname="tests.test_kuvira_backend" name="test_health" time="0.307" /><testcase classname="tests.test_iteration2_features" name="test_error_envelope_unauthenticated" time="0.356" /><testcase classname="tests.test_kuvira_backend" name="test_otp_start" time="0.122" /><testcase classname="tests.test_iteration2_features" name="test_admin_bootstrap_capabilities" time="0.309"><failure message="AssertionError: assert False is True&#10; +  where False = &lt;built-in method get of dict object at 0xfdc71f993d00&gt;('is_platform_admin')&#10; +    where &lt;built-in method get of dict object at 0xfdc71f993d00&gt; = {'roles': ['PLAYER'], 'is_platform_admin': False, 'organizations': [], 'permissions': []}.get">tests/test_iteration2_features.py:41: in test_admin_bootstrap_capabilities
    assert caps.get("is_platform_admin") is True
E   AssertionError: assert False is True
E    +  where False = &lt;built-in method get of dict object at 0xfdc71f993d00&gt;('is_platform_admin')
E    +    where &lt;built-in method get of dict object at 0xfdc71f993d00&gt; = {'roles': ['PLAYER'], 'is_platform_admin': False, 'organizations': [], 'permissions': []}.get</failure></testcase><testcase classname="tests.test_kuvira_backend" name="test_otp_verify_invalid" time="0.111" /><testcase classname="tests.test_kuvira_backend" name="test_otp_verify_new_user" time="0.101" /><testcase classname="tests.test_iteration2_features" name="test_normal_user_no_org_no_admin" time="0.321" /><testcase classname="tests.test_kuvira_backend" name="test_me_endpoint" time="0.388" /><testcase classname="tests.test_iteration2_features" name="test_self_promotion_blocked" time="0.263" /><testcase classname="tests.test_kuvira_backend" name="test_me_unauthorized" time="0.143" /><testcase classname="tests.test_kuvira_backend" name="test_onboarding" time="0.271" /><testcase classname="tests.test_kuvira_backend" name="test_sports_list" time="0.108" /><testcase classname="tests.test_kuvira_backend" name="test_facilities_list" time="0.111" /><testcase classname="tests.test_kuvira_backend" name="test_facility_detail" time="0.198" /><testcase classname="tests.test_iteration2_features" name="test_owner_login_shows_capabilities" time="0.386"><error message="failed on setup with &quot;AssertionError: {&quot;error&quot;:{&quot;code&quot;:&quot;FORBIDDEN&quot;,&quot;message&quot;:&quot;Platform admin access required&quot;},&quot;request_id&quot;:&quot;1ad68527-704b-4218-bbfa-eeda9a9cb399&quot;}&#10;assert 403 == 200&#10; +  where 403 = &lt;Response [403]&gt;.status_code&quot;">tests/test_iteration2_features.py:87: in two_clubs
    assert r1.status_code == 200, r1.text
E   AssertionError: {"error":{"code":"FORBIDDEN","message":"Platform admin access required"},"request_id":"1ad68527-704b-4218-bbfa-eeda9a9cb399"}
E   assert 403 == 200
E    +  where 403 = &lt;Response [403]&gt;.status_code</error></testcase><testcase classname="tests.test_iteration2_features" name="test_org_isolation_non_member_403" time="0.000"><error message="failed on setup with &quot;AssertionError: {&quot;error&quot;:{&quot;code&quot;:&quot;FORBIDDEN&quot;,&quot;message&quot;:&quot;Platform admin access required&quot;},&quot;request_id&quot;:&quot;1ad68527-704b-4218-bbfa-eeda9a9cb399&quot;}&#10;assert 403 == 200&#10; +  where 403 = &lt;Response [403]&gt;.status_code&quot;">tests/test_iteration2_features.py:87: in two_clubs
    assert r1.status_code == 200, r1.text
E   AssertionError: {"error":{"code":"FORBIDDEN","message":"Platform admin access required"},"request_id":"1ad68527-704b-4218-bbfa-eeda9a9cb399"}
E   assert 403 == 200
E    +  where 403 = &lt;Response [403]&gt;.status_code</error></testcase><testcase classname="tests.test_iteration2_features" name="test_owner_can_read_own_org_not_other" time="0.000"><error message="failed on setup with &quot;AssertionError: {&quot;error&quot;:{&quot;code&quot;:&quot;FORBIDDEN&quot;,&quot;message&quot;:&quot;Platform admin access required&quot;},&quot;request_id&quot;:&quot;1ad68527-704b-4218-bbfa-eeda9a9cb399&quot;}&#10;assert 403 == 200&#10; +  where 403 = &lt;Response [403]&gt;.status_code&quot;">tests/test_iteration2_features.py:87: in two_clubs
    assert r1.status_code == 200, r1.text
E   AssertionError: {"error":{"code":"FORBIDDEN","message":"Platform admin access required"},"request_id":"1ad68527-704b-4218-bbfa-eeda9a9cb399"}
E   assert 403 == 200
E    +  where 403 = &lt;Response [403]&gt;.status_code</error></testcase><testcase classname="tests.test_iteration2_features" name="test_booking_slot_conflict_409" time="0.844" /><testcase classname="tests.test_kuvira_backend" name="test_facility_availability" time="0.233" /><testcase classname="tests.test_kuvira_backend" name="test_create_booking_and_verify" time="0.394" /><testcase classname="tests.test_kuvira_backend" name="test_games_list" time="0.119" /><testcase classname="tests.test_iteration2_features" name="test_game_full_and_idempotent_join" time="1.154" /><testcase classname="tests.test_kuvira_backend" name="test_games_create_and_join" time="0.517" /><testcase classname="tests.test_kuvira_backend" name="test_players_list_match_score" time="0.112" /><testcase classname="tests.test_kuvira_backend" name="test_player_detail" time="0.254" /><testcase classname="tests.test_kuvira_backend" name="test_coaches_list" time="0.111" /><testcase classname="tests.test_kuvira_backend" name="test_events_list" time="0.167" /><testcase classname="tests.test_iteration2_features" name="test_coach_booking_flow_and_conflict" time="0.802" /><testcase classname="tests.test_kuvira_backend" name="test_tournaments_list_and_register" time="0.430" /><testcase classname="tests.test_kuvira_backend" name="test_posts_list" time="0.158" /><testcase classname="tests.test_kuvira_backend" name="test_create_post_and_like_toggle" time="0.440" /><testcase classname="tests.test_iteration2_features" name="test_training_plan_and_streak" time="0.502" /><testcase classname="tests.test_kuvira_backend" name="test_products_list" time="0.140" /><testcase classname="tests.test_kuvira_backend" name="test_product_recommend_for_me" time="0.141" /><testcase classname="tests.test_iteration2_features" name="test_rankings_and_achievements" time="0.537" /><testcase classname="tests.test_kuvira_backend" name="test_cart_and_order_flow" time="0.808" /><testcase classname="tests.test_iteration2_features" name="test_referrals_end_to_end" time="2.559" /><testcase classname="tests.test_kuvira_backend" name="test_cart_remove" time="0.341" /><testcase classname="tests.test_kuvira_backend" name="test_ai_coach_chat" time="9.981" /><testcase classname="tests.test_rbac_matrix" name="test_role_permission_matrix_is_explicit" time="0.000"><failure message="KeyError: 'PLAYER'">tests/test_rbac_matrix.py:13: in test_role_permission_matrix_is_explicit
    assert ROLE_PERMISSIONS[ROLE_PLAYER] == []
           ^^^^^^^^^^^^^^^^^^^^^^^^^^^^^
E   KeyError: 'PLAYER'</failure></testcase><testcase classname="tests.test_rbac_matrix" name="test_manager_and_staff_cannot_escalate_privileges" time="0.000" /><testcase classname="tests.test_rbac_matrix" name="test_platform_admin_has_all_catalog_permissions" time="0.000" /><testcase classname="tests.test_kuvira_backend" name="test_ai_coach_history" time="0.103" /><testcase classname="tests.test_kuvira_backend" name="test_ai_insights" time="0.103" /><testcase classname="tests.test_kuvira_backend" name="test_ai_recommendations" time="0.103" /><testcase classname="tests.test_kuvira_backend" name="test_search" time="0.107" /></testsuite></testsuites>