<?xml version="1.0" encoding="utf-8"?><testsuites name="pytest tests"><testsuite name="pytest" errors="0" failures="0" skipped="0" tests="30" time="10.664" timestamp="2026-08-15T12:15:00.996330+00:00" hostname="agent-env-58bca6a4-a652-4c28-bf08-1c53727ea87d"><testcase classname="tests.test_kuvira_backend" name="test_health" time="0.422" /><testcase classname="tests.test_kuvira_backend" name="test_otp_start" time="0.046" /><testcase classname="tests.test_kuvira_backend" name="test_otp_verify_invalid" time="0.042" /><testcase classname="tests.test_kuvira_backend" name="test_otp_verify_new_user" time="0.159" /><testcase classname="tests.test_kuvira_backend" name="test_me_endpoint" time="0.162" /><testcase classname="tests.test_kuvira_backend" name="test_me_unauthorized" time="0.040" /><testcase classname="tests.test_kuvira_backend" name="test_onboarding" time="0.123" /><testcase classname="tests.test_kuvira_backend" name="test_sports_list" time="0.081" /><testcase classname="tests.test_kuvira_backend" name="test_facilities_list" time="0.036" /><testcase classname="tests.test_kuvira_backend" name="test_facility_detail" time="0.074" /><testcase classname="tests.test_kuvira_backend" name="test_facility_availability" time="0.077" /><testcase classname="tests.test_kuvira_backend" name="test_create_booking_and_verify" time="0.164" /><testcase classname="tests.test_kuvira_backend" name="test_games_list" time="0.040" /><testcase classname="tests.test_kuvira_backend" name="test_games_create_and_join" time="0.256" /><testcase classname="tests.test_kuvira_backend" name="test_players_list_match_score" time="0.050" /><testcase classname="tests.test_kuvira_backend" name="test_player_detail" time="0.077" /><testcase classname="tests.test_kuvira_backend" name="test_coaches_list" time="0.036" /><testcase classname="tests.test_kuvira_backend" name="test_events_list" time="0.079" /><testcase classname="tests.test_kuvira_backend" name="test_tournaments_list_and_register" time="0.131" /><testcase classname="tests.test_kuvira_backend" name="test_posts_list" time="0.053" /><testcase classname="tests.test_kuvira_backend" name="test_create_post_and_like_toggle" time="0.191" /><testcase classname="tests.test_kuvira_backend" name="test_products_list" time="0.052" /><testcase classname="tests.test_kuvira_backend" name="test_product_recommend_for_me" time="0.042" /><testcase classname="tests.test_kuvira_backend" name="test_cart_and_order_flow" time="0.294" /><testcase classname="tests.test_kuvira_backend" name="test_cart_remove" time="0.139" /><testcase classname="tests.test_kuvira_backend" name="test_ai_coach_chat" time="7.221" /><testcase classname="tests.test_kuvira_backend" name="test_ai_coach_history" time="0.039" /><testcase classname="tests.test_kuvira_backend" name="test_ai_insights" time="0.060" /><testcase classname="tests.test_kuvira_backend" name="test_ai_recommendations" time="0.063" /><testcase classname="tests.test_kuvira_backend" name="test_search" time="0.041" /></testsuite></testsuites>